<?xml version="1.0" encoding="UTF-8"?>
<!-- Generated by org.testng.reporters.JUnitXMLReporter -->
<testsuite hostname="Davids-MacBook-Pro.local" ignored="0" name="Testing In Safari" tests="1" failures="1" timestamp="05 Apr 2018 15:16:31 GMT" time="6.65" errors="0">
  <testcase name="loginAsAdmin" time="3.276" classname="testCases.LoginTest">
    <failure type="java.lang.AssertionError" message="expected [
		Welcome 303 Admin User
	] but found [Welcome 303 Admin User]">
      <![CDATA[java.lang.AssertionError: expected [
		Welcome 303 Admin User
	] but found [Welcome 303 Admin User]
	at testCases.LoginTest.loginAsAdmin(LoginTest.java:37)
... Removed 35 stack frames]]>
    </failure>
  </testcase> <!-- loginAsAdmin -->
</testsuite> <!-- Testing In Safari -->
